Build started 27/11/2018 12:11:28.
     1>Project "C:\Users\Bill\Development\Visual\Download BLE\Download\Download.vcxproj" on node 2 (build target(s)).
     1>InitializeBuildStatus:
         Creating "Debug\Download.unsuccessfulbuild" because "AlwaysCreate" was specified.
       GenerateTargetFrameworkMonikerAttribute:
       Skipping target "GenerateTargetFrameworkMonikerAttribute" because all output files are up-to-date with respect to the input files.
       ClCompile:
         All outputs are up-to-date.
         c:\Program Files\Microsoft Visual Studio 10.0\VC\bin\CL.exe /c /AI"C:\Program Files\Reference Assemblies\Microsoft\Framework\.NETFramework\v4.0" /Zi /clr:pure /nologo /W3 /WX- /Od /Oy- /D WIN32 /D _DEBUG /D _UNICODE /D UNICODE /EHa /MDd /GS /fp:precise /Zc:wchar_t /Zc:forScope /Yu"StdAfx.h" /Fp"Debug\Download.pch" /Fo"Debug\\" /Fd"Debug\vc100.pdb" /TP /FU"C:\Program Files\Reference Assemblies\Microsoft\Framework\.NETFramework\v4.0\System.Core.dll" /FU"C:\Program Files\Reference Assemblies\Microsoft\Framework\.NETFramework\v4.0\System.Data.dll" /FU"C:\Program Files\Reference Assemblies\Microsoft\Framework\.NETFramework\v4.0\System.dll" /FU"C:\Program Files\Reference Assemblies\Microsoft\Framework\.NETFramework\v4.0\System.Drawing.dll" /FU"C:\Program Files\Reference Assemblies\Microsoft\Framework\.NETFramework\v4.0\System.Windows.Forms.dll" /FU"C:\Program Files\Reference Assemblies\Microsoft\Framework\.NETFramework\v4.0\System.Xml.dll" /analyze- /errorReport:prompt Download.cpp /clr:nostdlib 
         Download.cpp
     1>Download.cpp(3): warning C4005: '__CLR_VER' : macro redefinition
                 command-line arguments :  see previous definition of '__CLR_VER'
     1>Download.cpp(3): warning C4651: '/D__CLR_VER=40702650' specified for precompiled header but not for current compile
         All outputs are up-to-date.
       CoreResGen:
         No resources are out of date with respect to their source files. Skipping resource generation.
       ResourceCompile:
         All outputs are up-to-date.
       Link:
         c:\Program Files\Microsoft Visual Studio 10.0\VC\bin\link.exe /ERRORREPORT:PROMPT /OUT:"C:\Users\Bill\Development\Visual\Download BLE\Debug\Download.exe" /INCREMENTAL /NOLOGO /ASSEMBLYRESOURCE:Debug\Download.Form1.resources /MANIFEST /ManifestFile:"Debug\Download.exe.intermediate.manifest" /MANIFESTUAC:"level='asInvoker' uiAccess='false'" /DEBUG /PDB:"C:\Users\Bill\Development\Visual\Download BLE\Debug\Download.pdb" /ASSEMBLYDEBUG /SUBSYSTEM:WINDOWS /TLBID:1 /ENTRY:"main" /DYNAMICBASE /FIXED:NO /NXCOMPAT /MACHINE:X86 Debug\app.res
         Debug\AssemblyInfo.obj
         Debug\Download.obj
         Debug\stdafx.obj
         "Debug\.NETFramework,Version=v4.0.AssemblyAttributes.obj"
         Download.vcxproj -> C:\Users\Bill\Development\Visual\Download BLE\Debug\Download.exe
       Manifest:
         C:\Program Files\Microsoft SDKs\Windows\v7.0A\bin\mt.exe /nologo /verbose /outputresource:"C:\Users\Bill\Development\Visual\Download BLE\Debug\Download.exe;#1" /manifest Debug\Download.exe.intermediate.manifest
       FinalizeBuildStatus:
         Deleting file "Debug\Download.unsuccessfulbuild".
         Touching "Debug\Download.lastbuildstate".
     1>Done Building Project "C:\Users\Bill\Development\Visual\Download BLE\Download\Download.vcxproj" (build target(s)).

Build succeeded.

Time Elapsed 00:00:08.86
